The system is: Linux - 5.2.14-1.el7.elrepo.x86_64 - x86_64
Compiling the C compiler identification source file "CMakeCCompilerId.c" succeeded.
Compiler: /opt/clang-7.0.1/bin/clang 
Build flags: 
Id flags:  

The output was:
0


Compilation of the C compiler identification source "CMakeCCompilerId.c" produced "a.out"

The C compiler identification is Clang, found in "/home/local/REGION/ka.uvarov/Projects/EGTS/EGTS/build/CMakeFiles/3.18.5/CompilerIdC/a.out"

Compiling the CXX compiler identification source file "CMakeCXXCompilerId.cpp" succeeded.
Compiler: /opt/clang-7.0.1/bin/clang++ 
Build flags: 
Id flags:  

The output was:
0


Compilation of the CXX compiler identification source "CMakeCXXCompilerId.cpp" produced "a.out"

The CXX compiler identification is Clang, found in "/home/local/REGION/ka.uvarov/Projects/EGTS/EGTS/build/CMakeFiles/3.18.5/CompilerIdCXX/a.out"

Detecting C compiler ABI info compiled with the following output:
Change Dir: /home/local/REGION/ka.uvarov/Projects/EGTS/EGTS/build/CMakeFiles/CMakeTmp

Run Build Command(s):/usr/bin/gmake cmTC_1ce1b/fast && /usr/bin/gmake  -f CMakeFiles/cmTC_1ce1b.dir/build.make CMakeFiles/cmTC_1ce1b.dir/build
gmake[1]: Entering directory `/home/local/REGION/ka.uvarov/Projects/EGTS/EGTS/build/CMakeFiles/CMakeTmp'
Building C object CMakeFiles/cmTC_1ce1b.dir/CMakeCCompilerABI.c.o
/opt/clang-7.0.1/bin/clang   -v -o CMakeFiles/cmTC_1ce1b.dir/CMakeCCompilerABI.c.o -c /usr/share/cmake-3.18/Modules/CMakeCCompilerABI.c
clang version 7.0.1 (Red Hat 7.0.1-12.el7)
Target: x86_64-unknown-linux-gnu
Thread model: posix
InstalledDir: /opt/clang-7.0.1/bin
Found candidate GCC installation: /opt/gcc-9.1.1/lib/gcc/x86_64-redhat-linux/9
Selected GCC installation: /opt/gcc-9.1.1/lib/gcc/x86_64-redhat-linux/9
Candidate multilib: .;@m64
Selected multilib: .;@m64
 "/opt/clang-7.0.1/bin/clang-7" -cc1 -triple x86_64-unknown-linux-gnu -emit-obj -mrelax-all -disable-free -disable-llvm-verifier -discard-value-names -main-file-name CMakeCCompilerABI.c -mrelocation-model static -mthread-model posix -mdisable-fp-elim -fmath-errno -masm-verbose -mconstructor-aliases -munwind-tables -fuse-init-array -target-cpu x86-64 -dwarf-column-info -debugger-tuning=gdb -v -coverage-notes-file /home/local/REGION/ka.uvarov/Projects/EGTS/EGTS/build/CMakeFiles/CMakeTmp/CMakeFiles/cmTC_1ce1b.dir/CMakeCCompilerABI.c.gcno -resource-dir /opt/clang-7.0.1/lib64/clang/7.0.1 -internal-isystem /usr/local/include -internal-isystem /opt/clang-7.0.1/lib64/clang/7.0.1/include -internal-externc-isystem /include -internal-externc-isystem /usr/include -fdebug-compilation-dir /home/local/REGION/ka.uvarov/Projects/EGTS/EGTS/build/CMakeFiles/CMakeTmp -ferror-limit 19 -fmessage-length 0 -fobjc-runtime=gcc -fdiagnostics-show-option -o CMakeFiles/cmTC_1ce1b.dir/CMakeCCompilerABI.c.o -x c /usr/share/cmake-3.18/Modules/CMakeCCompilerABI.c -faddrsig
clang -cc1 version 7.0.1 based upon LLVM 7.0.1 default target x86_64-unknown-linux-gnu
ignoring nonexistent directory "/include"
#include "..." search starts here:
#include <...> search starts here:
 /usr/local/include
 /opt/clang-7.0.1/lib64/clang/7.0.1/include
 /usr/include
End of search list.
Linking C executable cmTC_1ce1b
/usr/bin/cmake -E cmake_link_script CMakeFiles/cmTC_1ce1b.dir/link.txt --verbose=1
/opt/clang-7.0.1/bin/clang  -v CMakeFiles/cmTC_1ce1b.dir/CMakeCCompilerABI.c.o -o cmTC_1ce1b 
clang version 7.0.1 (Red Hat 7.0.1-12.el7)
Target: x86_64-unknown-linux-gnu
Thread model: posix
InstalledDir: /opt/clang-7.0.1/bin
Found candidate GCC installation: /opt/gcc-9.1.1/lib/gcc/x86_64-redhat-linux/9
Selected GCC installation: /opt/gcc-9.1.1/lib/gcc/x86_64-redhat-linux/9
Candidate multilib: .;@m64
Selected multilib: .;@m64
 "/usr/bin/ld" --hash-style=gnu --no-add-needed --build-id --eh-frame-hdr -m elf_x86_64 -dynamic-linker /lib64/ld-linux-x86-64.so.2 -o cmTC_1ce1b /lib/../lib64/crt1.o /lib/../lib64/crti.o /opt/gcc-9.1.1/lib/gcc/x86_64-redhat-linux/9/crtbegin.o -L/opt/gcc-9.1.1/lib/gcc/x86_64-redhat-linux/9 -L/opt/gcc-9.1.1/lib/gcc/x86_64-redhat-linux/9/../../../../lib64 -L/opt/clang-7.0.1/bin/../lib64 -L/lib/../lib64 -L/usr/lib/../lib64 -L/opt/gcc-9.1.1/lib/gcc/x86_64-redhat-linux/9/../../.. -L/lib -L/usr/lib CMakeFiles/cmTC_1ce1b.dir/CMakeCCompilerABI.c.o -lgcc --as-needed -lgcc_s --no-as-needed -lc -lgcc --as-needed -lgcc_s --no-as-needed /opt/gcc-9.1.1/lib/gcc/x86_64-redhat-linux/9/crtend.o /lib/../lib64/crtn.o
gmake[1]: Leaving directory `/home/local/REGION/ka.uvarov/Projects/EGTS/EGTS/build/CMakeFiles/CMakeTmp'



Parsed C implicit include dir info from above output: rv=done
  found start of include info
  found start of implicit include info
    add: [/usr/local/include]
    add: [/opt/clang-7.0.1/lib64/clang/7.0.1/include]
    add: [/usr/include]
  end of search list found
  collapse include dir [/usr/local/include] ==> [/usr/local/include]
  collapse include dir [/opt/clang-7.0.1/lib64/clang/7.0.1/include] ==> [/opt/clang-7.0.1/lib64/clang/7.0.1/include]
  collapse include dir [/usr/include] ==> [/usr/include]
  implicit include dirs: [/usr/local/include;/opt/clang-7.0.1/lib64/clang/7.0.1/include;/usr/include]


Parsed C implicit link information from above output:
  link line regex: [^( *|.*[/\])(ld|CMAKE_LINK_STARTFILE-NOTFOUND|([^/\]+-)?ld|collect2)[^/\]*( |$)]
  ignore line: [Change Dir: /home/local/REGION/ka.uvarov/Projects/EGTS/EGTS/build/CMakeFiles/CMakeTmp]
  ignore line: []
  ignore line: [Run Build Command(s):/usr/bin/gmake cmTC_1ce1b/fast && /usr/bin/gmake  -f CMakeFiles/cmTC_1ce1b.dir/build.make CMakeFiles/cmTC_1ce1b.dir/build]
  ignore line: [gmake[1]: Entering directory `/home/local/REGION/ka.uvarov/Projects/EGTS/EGTS/build/CMakeFiles/CMakeTmp']
  ignore line: [Building C object CMakeFiles/cmTC_1ce1b.dir/CMakeCCompilerABI.c.o]
  ignore line: [/opt/clang-7.0.1/bin/clang   -v -o CMakeFiles/cmTC_1ce1b.dir/CMakeCCompilerABI.c.o -c /usr/share/cmake-3.18/Modules/CMakeCCompilerABI.c]
  ignore line: [clang version 7.0.1 (Red Hat 7.0.1-12.el7)]
  ignore line: [Target: x86_64-unknown-linux-gnu]
  ignore line: [Thread model: posix]
  ignore line: [InstalledDir: /opt/clang-7.0.1/bin]
  ignore line: [Found candidate GCC installation: /opt/gcc-9.1.1/lib/gcc/x86_64-redhat-linux/9]
  ignore line: [Selected GCC installation: /opt/gcc-9.1.1/lib/gcc/x86_64-redhat-linux/9]
  ignore line: [Candidate multilib: .]
  ignore line: [@m64]
  ignore line: [Selected multilib: .]
  ignore line: [@m64]
  ignore line: [ "/opt/clang-7.0.1/bin/clang-7" -cc1 -triple x86_64-unknown-linux-gnu -emit-obj -mrelax-all -disable-free -disable-llvm-verifier -discard-value-names -main-file-name CMakeCCompilerABI.c -mrelocation-model static -mthread-model posix -mdisable-fp-elim -fmath-errno -masm-verbose -mconstructor-aliases -munwind-tables -fuse-init-array -target-cpu x86-64 -dwarf-column-info -debugger-tuning=gdb -v -coverage-notes-file /home/local/REGION/ka.uvarov/Projects/EGTS/EGTS/build/CMakeFiles/CMakeTmp/CMakeFiles/cmTC_1ce1b.dir/CMakeCCompilerABI.c.gcno -resource-dir /opt/clang-7.0.1/lib64/clang/7.0.1 -internal-isystem /usr/local/include -internal-isystem /opt/clang-7.0.1/lib64/clang/7.0.1/include -internal-externc-isystem /include -internal-externc-isystem /usr/include -fdebug-compilation-dir /home/local/REGION/ka.uvarov/Projects/EGTS/EGTS/build/CMakeFiles/CMakeTmp -ferror-limit 19 -fmessage-length 0 -fobjc-runtime=gcc -fdiagnostics-show-option -o CMakeFiles/cmTC_1ce1b.dir/CMakeCCompilerABI.c.o -x c /usr/share/cmake-3.18/Modules/CMakeCCompilerABI.c -faddrsig]
  ignore line: [clang -cc1 version 7.0.1 based upon LLVM 7.0.1 default target x86_64-unknown-linux-gnu]
  ignore line: [ignoring nonexistent directory "/include"]
  ignore line: [#include "..." search starts here:]
  ignore line: [#include <...> search starts here:]
  ignore line: [ /usr/local/include]
  ignore line: [ /opt/clang-7.0.1/lib64/clang/7.0.1/include]
  ignore line: [ /usr/include]
  ignore line: [End of search list.]
  ignore line: [Linking C executable cmTC_1ce1b]
  ignore line: [/usr/bin/cmake -E cmake_link_script CMakeFiles/cmTC_1ce1b.dir/link.txt --verbose=1]
  ignore line: [/opt/clang-7.0.1/bin/clang  -v CMakeFiles/cmTC_1ce1b.dir/CMakeCCompilerABI.c.o -o cmTC_1ce1b ]
  ignore line: [clang version 7.0.1 (Red Hat 7.0.1-12.el7)]
  ignore line: [Target: x86_64-unknown-linux-gnu]
  ignore line: [Thread model: posix]
  ignore line: [InstalledDir: /opt/clang-7.0.1/bin]
  ignore line: [Found candidate GCC installation: /opt/gcc-9.1.1/lib/gcc/x86_64-redhat-linux/9]
  ignore line: [Selected GCC installation: /opt/gcc-9.1.1/lib/gcc/x86_64-redhat-linux/9]
  ignore line: [Candidate multilib: .]
  ignore line: [@m64]
  ignore line: [Selected multilib: .]
  ignore line: [@m64]
  link line: [ "/usr/bin/ld" --hash-style=gnu --no-add-needed --build-id --eh-frame-hdr -m elf_x86_64 -dynamic-linker /lib64/ld-linux-x86-64.so.2 -o cmTC_1ce1b /lib/../lib64/crt1.o /lib/../lib64/crti.o /opt/gcc-9.1.1/lib/gcc/x86_64-redhat-linux/9/crtbegin.o -L/opt/gcc-9.1.1/lib/gcc/x86_64-redhat-linux/9 -L/opt/gcc-9.1.1/lib/gcc/x86_64-redhat-linux/9/../../../../lib64 -L/opt/clang-7.0.1/bin/../lib64 -L/lib/../lib64 -L/usr/lib/../lib64 -L/opt/gcc-9.1.1/lib/gcc/x86_64-redhat-linux/9/../../.. -L/lib -L/usr/lib CMakeFiles/cmTC_1ce1b.dir/CMakeCCompilerABI.c.o -lgcc --as-needed -lgcc_s --no-as-needed -lc -lgcc --as-needed -lgcc_s --no-as-needed /opt/gcc-9.1.1/lib/gcc/x86_64-redhat-linux/9/crtend.o /lib/../lib64/crtn.o]
    arg [/usr/bin/ld] ==> ignore
    arg [--hash-style=gnu] ==> ignore
    arg [--no-add-needed] ==> ignore
    arg [--build-id] ==> ignore
    arg [--eh-frame-hdr] ==> ignore
    arg [-m] ==> ignore
    arg [elf_x86_64] ==> ignore
    arg [-dynamic-linker] ==> ignore
    arg [/lib64/ld-linux-x86-64.so.2] ==> ignore
    arg [-o] ==> ignore
    arg [cmTC_1ce1b] ==> ignore
    arg [/lib/../lib64/crt1.o] ==> ignore
    arg [/lib/../lib64/crti.o] ==> ignore
    arg [/opt/gcc-9.1.1/lib/gcc/x86_64-redhat-linux/9/crtbegin.o] ==> ignore
    arg [-L/opt/gcc-9.1.1/lib/gcc/x86_64-redhat-linux/9] ==> dir [/opt/gcc-9.1.1/lib/gcc/x86_64-redhat-linux/9]
    arg [-L/opt/gcc-9.1.1/lib/gcc/x86_64-redhat-linux/9/../../../../lib64] ==> dir [/opt/gcc-9.1.1/lib/gcc/x86_64-redhat-linux/9/../../../../lib64]
    arg [-L/opt/clang-7.0.1/bin/../lib64] ==> dir [/opt/clang-7.0.1/bin/../lib64]
    arg [-L/lib/../lib64] ==> dir [/lib/../lib64]
    arg [-L/usr/lib/../lib64] ==> dir [/usr/lib/../lib64]
    arg [-L/opt/gcc-9.1.1/lib/gcc/x86_64-redhat-linux/9/../../..] ==> dir [/opt/gcc-9.1.1/lib/gcc/x86_64-redhat-linux/9/../../..]
    arg [-L/lib] ==> dir [/lib]
    arg [-L/usr/lib] ==> dir [/usr/lib]
    arg [CMakeFiles/cmTC_1ce1b.dir/CMakeCCompilerABI.c.o] ==> ignore
    arg [-lgcc] ==> lib [gcc]
    arg [--as-needed] ==> ignore
    arg [-lgcc_s] ==> lib [gcc_s]
    arg [--no-as-needed] ==> ignore
    arg [-lc] ==> lib [c]
    arg [-lgcc] ==> lib [gcc]
    arg [--as-needed] ==> ignore
    arg [-lgcc_s] ==> lib [gcc_s]
    arg [--no-as-needed] ==> ignore
    arg [/opt/gcc-9.1.1/lib/gcc/x86_64-redhat-linux/9/crtend.o] ==> ignore
    arg [/lib/../lib64/crtn.o] ==> ignore
  collapse library dir [/opt/gcc-9.1.1/lib/gcc/x86_64-redhat-linux/9] ==> [/opt/gcc-9.1.1/lib/gcc/x86_64-redhat-linux/9]
  collapse library dir [/opt/gcc-9.1.1/lib/gcc/x86_64-redhat-linux/9/../../../../lib64] ==> [/opt/gcc-9.1.1/lib64]
  collapse library dir [/opt/clang-7.0.1/bin/../lib64] ==> [/opt/clang-7.0.1/lib64]
  collapse library dir [/lib/../lib64] ==> [/lib64]
  collapse library dir [/usr/lib/../lib64] ==> [/usr/lib64]
  collapse library dir [/opt/gcc-9.1.1/lib/gcc/x86_64-redhat-linux/9/../../..] ==> [/opt/gcc-9.1.1/lib]
  collapse library dir [/lib] ==> [/lib]
  collapse library dir [/usr/lib] ==> [/usr/lib]
  implicit libs: [gcc;gcc_s;c;gcc;gcc_s]
  implicit dirs: [/opt/gcc-9.1.1/lib/gcc/x86_64-redhat-linux/9;/opt/gcc-9.1.1/lib64;/opt/clang-7.0.1/lib64;/lib64;/usr/lib64;/opt/gcc-9.1.1/lib;/lib;/usr/lib]
  implicit fwks: []


Detecting CXX compiler ABI info compiled with the following output:
Change Dir: /home/local/REGION/ka.uvarov/Projects/EGTS/EGTS/build/CMakeFiles/CMakeTmp

Run Build Command(s):/usr/bin/gmake cmTC_c6d87/fast && /usr/bin/gmake  -f CMakeFiles/cmTC_c6d87.dir/build.make CMakeFiles/cmTC_c6d87.dir/build
gmake[1]: Entering directory `/home/local/REGION/ka.uvarov/Projects/EGTS/EGTS/build/CMakeFiles/CMakeTmp'
Building CXX object CMakeFiles/cmTC_c6d87.dir/CMakeCXXCompilerABI.cpp.o
/opt/clang-7.0.1/bin/clang++   -v -o CMakeFiles/cmTC_c6d87.dir/CMakeCXXCompilerABI.cpp.o -c /usr/share/cmake-3.18/Modules/CMakeCXXCompilerABI.cpp
clang version 7.0.1 (Red Hat 7.0.1-12.el7)
Target: x86_64-unknown-linux-gnu
Thread model: posix
InstalledDir: /opt/clang-7.0.1/bin
Found candidate GCC installation: /opt/gcc-9.1.1/lib/gcc/x86_64-redhat-linux/9
Selected GCC installation: /opt/gcc-9.1.1/lib/gcc/x86_64-redhat-linux/9
Candidate multilib: .;@m64
Selected multilib: .;@m64
 "/opt/clang-7.0.1/bin/clang-7" -cc1 -triple x86_64-unknown-linux-gnu -emit-obj -mrelax-all -disable-free -disable-llvm-verifier -discard-value-names -main-file-name CMakeCXXCompilerABI.cpp -mrelocation-model static -mthread-model posix -mdisable-fp-elim -fmath-errno -masm-verbose -mconstructor-aliases -munwind-tables -fuse-init-array -target-cpu x86-64 -dwarf-column-info -debugger-tuning=gdb -v -coverage-notes-file /home/local/REGION/ka.uvarov/Projects/EGTS/EGTS/build/CMakeFiles/CMakeTmp/CMakeFiles/cmTC_c6d87.dir/CMakeCXXCompilerABI.cpp.gcno -resource-dir /opt/clang-7.0.1/lib64/clang/7.0.1 -internal-isystem /opt/gcc-9.1.1/lib/gcc/x86_64-redhat-linux/9/../../../../include/c++/9 -internal-isystem /opt/gcc-9.1.1/lib/gcc/x86_64-redhat-linux/9/../../../../include/c++/9/x86_64-redhat-linux -internal-isystem /opt/gcc-9.1.1/lib/gcc/x86_64-redhat-linux/9/../../../../include/c++/9/backward -internal-isystem /usr/local/include -internal-isystem /opt/clang-7.0.1/lib64/clang/7.0.1/include -internal-externc-isystem /include -internal-externc-isystem /usr/include -fdeprecated-macro -fdebug-compilation-dir /home/local/REGION/ka.uvarov/Projects/EGTS/EGTS/build/CMakeFiles/CMakeTmp -ferror-limit 19 -fmessage-length 0 -fobjc-runtime=gcc -fcxx-exceptions -fexceptions -fdiagnostics-show-option -o CMakeFiles/cmTC_c6d87.dir/CMakeCXXCompilerABI.cpp.o -x c++ /usr/share/cmake-3.18/Modules/CMakeCXXCompilerABI.cpp -faddrsig
clang -cc1 version 7.0.1 based upon LLVM 7.0.1 default target x86_64-unknown-linux-gnu
ignoring nonexistent directory "/include"
#include "..." search starts here:
#include <...> search starts here:
 /opt/gcc-9.1.1/lib/gcc/x86_64-redhat-linux/9/../../../../include/c++/9
 /opt/gcc-9.1.1/lib/gcc/x86_64-redhat-linux/9/../../../../include/c++/9/x86_64-redhat-linux
 /opt/gcc-9.1.1/lib/gcc/x86_64-redhat-linux/9/../../../../include/c++/9/backward
 /usr/local/include
 /opt/clang-7.0.1/lib64/clang/7.0.1/include
 /usr/include
End of search list.
Linking CXX executable cmTC_c6d87
/usr/bin/cmake -E cmake_link_script CMakeFiles/cmTC_c6d87.dir/link.txt --verbose=1
/opt/clang-7.0.1/bin/clang++  -v CMakeFiles/cmTC_c6d87.dir/CMakeCXXCompilerABI.cpp.o -o cmTC_c6d87 
clang version 7.0.1 (Red Hat 7.0.1-12.el7)
Target: x86_64-unknown-linux-gnu
Thread model: posix
InstalledDir: /opt/clang-7.0.1/bin
Found candidate GCC installation: /opt/gcc-9.1.1/lib/gcc/x86_64-redhat-linux/9
Selected GCC installation: /opt/gcc-9.1.1/lib/gcc/x86_64-redhat-linux/9
Candidate multilib: .;@m64
Selected multilib: .;@m64
 "/usr/bin/ld" --hash-style=gnu --no-add-needed --build-id --eh-frame-hdr -m elf_x86_64 -dynamic-linker /lib64/ld-linux-x86-64.so.2 -o cmTC_c6d87 /lib/../lib64/crt1.o /lib/../lib64/crti.o /opt/gcc-9.1.1/lib/gcc/x86_64-redhat-linux/9/crtbegin.o -L/opt/gcc-9.1.1/lib/gcc/x86_64-redhat-linux/9 -L/opt/gcc-9.1.1/lib/gcc/x86_64-redhat-linux/9/../../../../lib64 -L/opt/clang-7.0.1/bin/../lib64 -L/lib/../lib64 -L/usr/lib/../lib64 -L/opt/gcc-9.1.1/lib/gcc/x86_64-redhat-linux/9/../../.. -L/lib -L/usr/lib CMakeFiles/cmTC_c6d87.dir/CMakeCXXCompilerABI.cpp.o -lstdc++ -lm -lgcc_s -lgcc -lc -lgcc_s -lgcc /opt/gcc-9.1.1/lib/gcc/x86_64-redhat-linux/9/crtend.o /lib/../lib64/crtn.o
gmake[1]: Leaving directory `/home/local/REGION/ka.uvarov/Projects/EGTS/EGTS/build/CMakeFiles/CMakeTmp'



Parsed CXX implicit include dir info from above output: rv=done
  found start of include info
  found start of implicit include info
    add: [/opt/gcc-9.1.1/lib/gcc/x86_64-redhat-linux/9/../../../../include/c++/9]
    add: [/opt/gcc-9.1.1/lib/gcc/x86_64-redhat-linux/9/../../../../include/c++/9/x86_64-redhat-linux]
    add: [/opt/gcc-9.1.1/lib/gcc/x86_64-redhat-linux/9/../../../../include/c++/9/backward]
    add: [/usr/local/include]
    add: [/opt/clang-7.0.1/lib64/clang/7.0.1/include]
    add: [/usr/include]
  end of search list found
  collapse include dir [/opt/gcc-9.1.1/lib/gcc/x86_64-redhat-linux/9/../../../../include/c++/9] ==> [/opt/gcc-9.1.1/include/c++/9]
  collapse include dir [/opt/gcc-9.1.1/lib/gcc/x86_64-redhat-linux/9/../../../../include/c++/9/x86_64-redhat-linux] ==> [/opt/gcc-9.1.1/include/c++/9/x86_64-redhat-linux]
  collapse include dir [/opt/gcc-9.1.1/lib/gcc/x86_64-redhat-linux/9/../../../../include/c++/9/backward] ==> [/opt/gcc-9.1.1/include/c++/9/backward]
  collapse include dir [/usr/local/include] ==> [/usr/local/include]
  collapse include dir [/opt/clang-7.0.1/lib64/clang/7.0.1/include] ==> [/opt/clang-7.0.1/lib64/clang/7.0.1/include]
  collapse include dir [/usr/include] ==> [/usr/include]
  implicit include dirs: [/opt/gcc-9.1.1/include/c++/9;/opt/gcc-9.1.1/include/c++/9/x86_64-redhat-linux;/opt/gcc-9.1.1/include/c++/9/backward;/usr/local/include;/opt/clang-7.0.1/lib64/clang/7.0.1/include;/usr/include]


Parsed CXX implicit link information from above output:
  link line regex: [^( *|.*[/\])(ld|CMAKE_LINK_STARTFILE-NOTFOUND|([^/\]+-)?ld|collect2)[^/\]*( |$)]
  ignore line: [Change Dir: /home/local/REGION/ka.uvarov/Projects/EGTS/EGTS/build/CMakeFiles/CMakeTmp]
  ignore line: []
  ignore line: [Run Build Command(s):/usr/bin/gmake cmTC_c6d87/fast && /usr/bin/gmake  -f CMakeFiles/cmTC_c6d87.dir/build.make CMakeFiles/cmTC_c6d87.dir/build]
  ignore line: [gmake[1]: Entering directory `/home/local/REGION/ka.uvarov/Projects/EGTS/EGTS/build/CMakeFiles/CMakeTmp']
  ignore line: [Building CXX object CMakeFiles/cmTC_c6d87.dir/CMakeCXXCompilerABI.cpp.o]
  ignore line: [/opt/clang-7.0.1/bin/clang++   -v -o CMakeFiles/cmTC_c6d87.dir/CMakeCXXCompilerABI.cpp.o -c /usr/share/cmake-3.18/Modules/CMakeCXXCompilerABI.cpp]
  ignore line: [clang version 7.0.1 (Red Hat 7.0.1-12.el7)]
  ignore line: [Target: x86_64-unknown-linux-gnu]
  ignore line: [Thread model: posix]
  ignore line: [InstalledDir: /opt/clang-7.0.1/bin]
  ignore line: [Found candidate GCC installation: /opt/gcc-9.1.1/lib/gcc/x86_64-redhat-linux/9]
  ignore line: [Selected GCC installation: /opt/gcc-9.1.1/lib/gcc/x86_64-redhat-linux/9]
  ignore line: [Candidate multilib: .]
  ignore line: [@m64]
  ignore line: [Selected multilib: .]
  ignore line: [@m64]
  ignore line: [ "/opt/clang-7.0.1/bin/clang-7" -cc1 -triple x86_64-unknown-linux-gnu -emit-obj -mrelax-all -disable-free -disable-llvm-verifier -discard-value-names -main-file-name CMakeCXXCompilerABI.cpp -mrelocation-model static -mthread-model posix -mdisable-fp-elim -fmath-errno -masm-verbose -mconstructor-aliases -munwind-tables -fuse-init-array -target-cpu x86-64 -dwarf-column-info -debugger-tuning=gdb -v -coverage-notes-file /home/local/REGION/ka.uvarov/Projects/EGTS/EGTS/build/CMakeFiles/CMakeTmp/CMakeFiles/cmTC_c6d87.dir/CMakeCXXCompilerABI.cpp.gcno -resource-dir /opt/clang-7.0.1/lib64/clang/7.0.1 -internal-isystem /opt/gcc-9.1.1/lib/gcc/x86_64-redhat-linux/9/../../../../include/c++/9 -internal-isystem /opt/gcc-9.1.1/lib/gcc/x86_64-redhat-linux/9/../../../../include/c++/9/x86_64-redhat-linux -internal-isystem /opt/gcc-9.1.1/lib/gcc/x86_64-redhat-linux/9/../../../../include/c++/9/backward -internal-isystem /usr/local/include -internal-isystem /opt/clang-7.0.1/lib64/clang/7.0.1/include -internal-externc-isystem /include -internal-externc-isystem /usr/include -fdeprecated-macro -fdebug-compilation-dir /home/local/REGION/ka.uvarov/Projects/EGTS/EGTS/build/CMakeFiles/CMakeTmp -ferror-limit 19 -fmessage-length 0 -fobjc-runtime=gcc -fcxx-exceptions -fexceptions -fdiagnostics-show-option -o CMakeFiles/cmTC_c6d87.dir/CMakeCXXCompilerABI.cpp.o -x c++ /usr/share/cmake-3.18/Modules/CMakeCXXCompilerABI.cpp -faddrsig]
  ignore line: [clang -cc1 version 7.0.1 based upon LLVM 7.0.1 default target x86_64-unknown-linux-gnu]
  ignore line: [ignoring nonexistent directory "/include"]
  ignore line: [#include "..." search starts here:]
  ignore line: [#include <...> search starts here:]
  ignore line: [ /opt/gcc-9.1.1/lib/gcc/x86_64-redhat-linux/9/../../../../include/c++/9]
  ignore line: [ /opt/gcc-9.1.1/lib/gcc/x86_64-redhat-linux/9/../../../../include/c++/9/x86_64-redhat-linux]
  ignore line: [ /opt/gcc-9.1.1/lib/gcc/x86_64-redhat-linux/9/../../../../include/c++/9/backward]
  ignore line: [ /usr/local/include]
  ignore line: [ /opt/clang-7.0.1/lib64/clang/7.0.1/include]
  ignore line: [ /usr/include]
  ignore line: [End of search list.]
  ignore line: [Linking CXX executable cmTC_c6d87]
  ignore line: [/usr/bin/cmake -E cmake_link_script CMakeFiles/cmTC_c6d87.dir/link.txt --verbose=1]
  ignore line: [/opt/clang-7.0.1/bin/clang++  -v CMakeFiles/cmTC_c6d87.dir/CMakeCXXCompilerABI.cpp.o -o cmTC_c6d87 ]
  ignore line: [clang version 7.0.1 (Red Hat 7.0.1-12.el7)]
  ignore line: [Target: x86_64-unknown-linux-gnu]
  ignore line: [Thread model: posix]
  ignore line: [InstalledDir: /opt/clang-7.0.1/bin]
  ignore line: [Found candidate GCC installation: /opt/gcc-9.1.1/lib/gcc/x86_64-redhat-linux/9]
  ignore line: [Selected GCC installation: /opt/gcc-9.1.1/lib/gcc/x86_64-redhat-linux/9]
  ignore line: [Candidate multilib: .]
  ignore line: [@m64]
  ignore line: [Selected multilib: .]
  ignore line: [@m64]
  link line: [ "/usr/bin/ld" --hash-style=gnu --no-add-needed --build-id --eh-frame-hdr -m elf_x86_64 -dynamic-linker /lib64/ld-linux-x86-64.so.2 -o cmTC_c6d87 /lib/../lib64/crt1.o /lib/../lib64/crti.o /opt/gcc-9.1.1/lib/gcc/x86_64-redhat-linux/9/crtbegin.o -L/opt/gcc-9.1.1/lib/gcc/x86_64-redhat-linux/9 -L/opt/gcc-9.1.1/lib/gcc/x86_64-redhat-linux/9/../../../../lib64 -L/opt/clang-7.0.1/bin/../lib64 -L/lib/../lib64 -L/usr/lib/../lib64 -L/opt/gcc-9.1.1/lib/gcc/x86_64-redhat-linux/9/../../.. -L/lib -L/usr/lib CMakeFiles/cmTC_c6d87.dir/CMakeCXXCompilerABI.cpp.o -lstdc++ -lm -lgcc_s -lgcc -lc -lgcc_s -lgcc /opt/gcc-9.1.1/lib/gcc/x86_64-redhat-linux/9/crtend.o /lib/../lib64/crtn.o]
    arg [/usr/bin/ld] ==> ignore
    arg [--hash-style=gnu] ==> ignore
    arg [--no-add-needed] ==> ignore
    arg [--build-id] ==> ignore
    arg [--eh-frame-hdr] ==> ignore
    arg [-m] ==> ignore
    arg [elf_x86_64] ==> ignore
    arg [-dynamic-linker] ==> ignore
    arg [/lib64/ld-linux-x86-64.so.2] ==> ignore
    arg [-o] ==> ignore
    arg [cmTC_c6d87] ==> ignore
    arg [/lib/../lib64/crt1.o] ==> ignore
    arg [/lib/../lib64/crti.o] ==> ignore
    arg [/opt/gcc-9.1.1/lib/gcc/x86_64-redhat-linux/9/crtbegin.o] ==> ignore
    arg [-L/opt/gcc-9.1.1/lib/gcc/x86_64-redhat-linux/9] ==> dir [/opt/gcc-9.1.1/lib/gcc/x86_64-redhat-linux/9]
    arg [-L/opt/gcc-9.1.1/lib/gcc/x86_64-redhat-linux/9/../../../../lib64] ==> dir [/opt/gcc-9.1.1/lib/gcc/x86_64-redhat-linux/9/../../../../lib64]
    arg [-L/opt/clang-7.0.1/bin/../lib64] ==> dir [/opt/clang-7.0.1/bin/../lib64]
    arg [-L/lib/../lib64] ==> dir [/lib/../lib64]
    arg [-L/usr/lib/../lib64] ==> dir [/usr/lib/../lib64]
    arg [-L/opt/gcc-9.1.1/lib/gcc/x86_64-redhat-linux/9/../../..] ==> dir [/opt/gcc-9.1.1/lib/gcc/x86_64-redhat-linux/9/../../..]
    arg [-L/lib] ==> dir [/lib]
    arg [-L/usr/lib] ==> dir [/usr/lib]
    arg [CMakeFiles/cmTC_c6d87.dir/CMakeCXXCompilerABI.cpp.o] ==> ignore
    arg [-lstdc++] ==> lib [stdc++]
    arg [-lm] ==> lib [m]
    arg [-lgcc_s] ==> lib [gcc_s]
    arg [-lgcc] ==> lib [gcc]
    arg [-lc] ==> lib [c]
    arg [-lgcc_s] ==> lib [gcc_s]
    arg [-lgcc] ==> lib [gcc]
    arg [/opt/gcc-9.1.1/lib/gcc/x86_64-redhat-linux/9/crtend.o] ==> ignore
    arg [/lib/../lib64/crtn.o] ==> ignore
  collapse library dir [/opt/gcc-9.1.1/lib/gcc/x86_64-redhat-linux/9] ==> [/opt/gcc-9.1.1/lib/gcc/x86_64-redhat-linux/9]
  collapse library dir [/opt/gcc-9.1.1/lib/gcc/x86_64-redhat-linux/9/../../../../lib64] ==> [/opt/gcc-9.1.1/lib64]
  collapse library dir [/opt/clang-7.0.1/bin/../lib64] ==> [/opt/clang-7.0.1/lib64]
  collapse library dir [/lib/../lib64] ==> [/lib64]
  collapse library dir [/usr/lib/../lib64] ==> [/usr/lib64]
  collapse library dir [/opt/gcc-9.1.1/lib/gcc/x86_64-redhat-linux/9/../../..] ==> [/opt/gcc-9.1.1/lib]
  collapse library dir [/lib] ==> [/lib]
  collapse library dir [/usr/lib] ==> [/usr/lib]
  implicit libs: [stdc++;m;gcc_s;gcc;c;gcc_s;gcc]
  implicit dirs: [/opt/gcc-9.1.1/lib/gcc/x86_64-redhat-linux/9;/opt/gcc-9.1.1/lib64;/opt/clang-7.0.1/lib64;/lib64;/usr/lib64;/opt/gcc-9.1.1/lib;/lib;/usr/lib]
  implicit fwks: []


